C:\Users\user\Desktop\Colegio\colegio\Colegio\Colegio.Web.Console\ColegioApp\dist\out-tsc\src\app\app-routing.module.js
C:\Users\user\Desktop\Colegio\colegio\Colegio\Colegio.Web.Console\ColegioApp\dist\out-tsc\src\app\app-routing.module.js.map
C:\Users\user\Desktop\Colegio\colegio\Colegio\Colegio.Web.Console\ColegioApp\dist\out-tsc\src\app\app.component.js
C:\Users\user\Desktop\Colegio\colegio\Colegio\Colegio.Web.Console\ColegioApp\dist\out-tsc\src\app\app.component.js.map
C:\Users\user\Desktop\Colegio\colegio\Colegio\Colegio.Web.Console\ColegioApp\dist\out-tsc\src\app\alumno\alumno.component.js
C:\Users\user\Desktop\Colegio\colegio\Colegio\Colegio.Web.Console\ColegioApp\dist\out-tsc\src\app\alumno\alumno.component.js.map
C:\Users\user\Desktop\Colegio\colegio\Colegio\Colegio.Web.Console\ColegioApp\dist\out-tsc\src\app\teacher\teacher.component.js
C:\Users\user\Desktop\Colegio\colegio\Colegio\Colegio.Web.Console\ColegioApp\dist\out-tsc\src\app\teacher\teacher.component.js.map
C:\Users\user\Desktop\Colegio\colegio\Colegio\Colegio.Web.Console\ColegioApp\dist\out-tsc\src\app\alumno-create\alumno-create.component.js
C:\Users\user\Desktop\Colegio\colegio\Colegio\Colegio.Web.Console\ColegioApp\dist\out-tsc\src\app\alumno-create\alumno-create.component.js.map
C:\Users\user\Desktop\Colegio\colegio\Colegio\Colegio.Web.Console\ColegioApp\dist\out-tsc\src\app\term\term.component.js
C:\Users\user\Desktop\Colegio\colegio\Colegio\Colegio.Web.Console\ColegioApp\dist\out-tsc\src\app\term\term.component.js.map
C:\Users\user\Desktop\Colegio\colegio\Colegio\Colegio.Web.Console\ColegioApp\dist\out-tsc\src\app\term-create\term-create.component.js
C:\Users\user\Desktop\Colegio\colegio\Colegio\Colegio.Web.Console\ColegioApp\dist\out-tsc\src\app\term-create\term-create.component.js.map
C:\Users\user\Desktop\Colegio\colegio\Colegio\Colegio.Web.Console\ColegioApp\dist\out-tsc\src\app\matter\matter.component.js
C:\Users\user\Desktop\Colegio\colegio\Colegio\Colegio.Web.Console\ColegioApp\dist\out-tsc\src\app\matter\matter.component.js.map
C:\Users\user\Desktop\Colegio\colegio\Colegio\Colegio.Web.Console\ColegioApp\dist\out-tsc\src\app\matter-create\matter-create.component.js
C:\Users\user\Desktop\Colegio\colegio\Colegio\Colegio.Web.Console\ColegioApp\dist\out-tsc\src\app\matter-create\matter-create.component.js.map
C:\Users\user\Desktop\Colegio\colegio\Colegio\Colegio.Web.Console\ColegioApp\dist\out-tsc\src\app\teacher-create\teacher-create.component.js
C:\Users\user\Desktop\Colegio\colegio\Colegio\Colegio.Web.Console\ColegioApp\dist\out-tsc\src\app\teacher-create\teacher-create.component.js.map
C:\Users\user\Desktop\Colegio\colegio\Colegio\Colegio.Web.Console\ColegioApp\dist\out-tsc\src\app\note-create\note-create.component.js
C:\Users\user\Desktop\Colegio\colegio\Colegio\Colegio.Web.Console\ColegioApp\dist\out-tsc\src\app\note-create\note-create.component.js.map
C:\Users\user\Desktop\Colegio\colegio\Colegio\Colegio.Web.Console\ColegioApp\dist\out-tsc\src\app\app.module.js
C:\Users\user\Desktop\Colegio\colegio\Colegio\Colegio.Web.Console\ColegioApp\dist\out-tsc\src\app\app.module.js.map
C:\Users\user\Desktop\Colegio\colegio\Colegio\Colegio.Web.Console\ColegioApp\dist\out-tsc\src\environments\environment.js
C:\Users\user\Desktop\Colegio\colegio\Colegio\Colegio.Web.Console\ColegioApp\dist\out-tsc\src\environments\environment.js.map
C:\Users\user\Desktop\Colegio\colegio\Colegio\Colegio.Web.Console\ColegioApp\dist\out-tsc\src\main.js
C:\Users\user\Desktop\Colegio\colegio\Colegio\Colegio.Web.Console\ColegioApp\dist\out-tsc\src\main.js.map
C:\Users\user\Desktop\Colegio\colegio\Colegio\Colegio.Web.Console\ColegioApp\dist\out-tsc\src\polyfills.js
C:\Users\user\Desktop\Colegio\colegio\Colegio\Colegio.Web.Console\ColegioApp\dist\out-tsc\src\polyfills.js.map
C:\Users\user\Desktop\Colegio\colegio\Colegio\Colegio.Web.Console\ColegioApp\dist\out-tsc\src\test.js
C:\Users\user\Desktop\Colegio\colegio\Colegio\Colegio.Web.Console\ColegioApp\dist\out-tsc\src\test.js.map
C:\Users\user\Desktop\Colegio\colegio\Colegio\Colegio.Web.Console\ColegioApp\dist\out-tsc\e2e\src\app.po.js
C:\Users\user\Desktop\Colegio\colegio\Colegio\Colegio.Web.Console\ColegioApp\dist\out-tsc\e2e\src\app.po.js.map
C:\Users\user\Desktop\Colegio\colegio\Colegio\Colegio.Web.Console\ColegioApp\dist\out-tsc\e2e\src\app.e2e-spec.js
C:\Users\user\Desktop\Colegio\colegio\Colegio\Colegio.Web.Console\ColegioApp\dist\out-tsc\e2e\src\app.e2e-spec.js.map
C:\Users\user\Desktop\Colegio\colegio\Colegio\Colegio.Web.Console\ColegioApp\dist\out-tsc\src\app\app.component.spec.js
C:\Users\user\Desktop\Colegio\colegio\Colegio\Colegio.Web.Console\ColegioApp\dist\out-tsc\src\app\app.component.spec.js.map
C:\Users\user\Desktop\Colegio\colegio\Colegio\Colegio.Web.Console\ColegioApp\dist\out-tsc\src\environments\environment.prod.js
C:\Users\user\Desktop\Colegio\colegio\Colegio\Colegio.Web.Console\ColegioApp\dist\out-tsc\src\environments\environment.prod.js.map
C:\Users\user\Desktop\Colegio\colegio\Colegio\Colegio.Web.Console\ColegioApp\dist\out-tsc\src\app\alumno\alumno.component.spec.js
C:\Users\user\Desktop\Colegio\colegio\Colegio\Colegio.Web.Console\ColegioApp\dist\out-tsc\src\app\alumno\alumno.component.spec.js.map
C:\Users\user\Desktop\Colegio\colegio\Colegio\Colegio.Web.Console\ColegioApp\dist\out-tsc\src\app\teacher\teacher.component.spec.js
C:\Users\user\Desktop\Colegio\colegio\Colegio\Colegio.Web.Console\ColegioApp\dist\out-tsc\src\app\teacher\teacher.component.spec.js.map
C:\Users\user\Desktop\Colegio\colegio\Colegio\Colegio.Web.Console\ColegioApp\dist\out-tsc\src\app\term-create\term-create.component.spec.js
C:\Users\user\Desktop\Colegio\colegio\Colegio\Colegio.Web.Console\ColegioApp\dist\out-tsc\src\app\term-create\term-create.component.spec.js.map
